java.lang.NumberFormatException: For input string: ",78,152"
	at java.lang.NumberFormatException.forInputString(Unknown Source)
	at java.lang.Integer.parseInt(Unknown Source)
	at java.lang.Integer.valueOf(Unknown Source)
	at java.lang.Integer.decode(Unknown Source)
	at java.awt.Color.decode(Unknown Source)
	at edu.cmu.cs.stage3.alice.authoringtool.JAlice.<clinit>(JAlice.java:48)
	at sun.reflect.NativeMethodAccessorImpl.invoke0(Native Method)
	at sun.reflect.NativeMethodAccessorImpl.invoke(Unknown Source)
	at sun.reflect.DelegatingMethodAccessorImpl.invoke(Unknown Source)
	at java.lang.reflect.Method.invoke(Unknown Source)
	at com.exe4j.runtime.LauncherEngine.launch(Unknown Source)
	at com.exe4j.runtime.WinLauncher.main(Unknown Source)
*sys-package-mgr*: processing new jar, 'C:\Users\Morph\AppData\Local\Temp\e4j3499.tmp_dir2569\exe4jlib.jar'
java.lang.ExceptionInInitializerError
	at java.lang.Class.forName0(Native Method)
	at java.lang.Class.forName(Unknown Source)
	at edu.cmu.cs.stage3.alice.authoringtool.JAlice.main(JAlice.java:131)
	at sun.reflect.NativeMethodAccessorImpl.invoke0(Native Method)
	at sun.reflect.NativeMethodAccessorImpl.invoke(Unknown Source)
	at sun.reflect.DelegatingMethodAccessorImpl.invoke(Unknown Source)
	at java.lang.reflect.Method.invoke(Unknown Source)
	at com.exe4j.runtime.LauncherEngine.launch(Unknown Source)
	at com.exe4j.runtime.WinLauncher.main(Unknown Source)
Caused by: Traceback (innermost last):
  (no code object) at line 0
IOError: File not found - H:\Mis Documentos\NetBeansProjects\Alicia_2.2\Alicia\resources\Alice Style.py (El sistema no puede encontrar el archivo especificado)

	at org.python.core.Py.IOError(Py.java)
	at org.python.core.__builtin__.execfile_flags(__builtin__.java)
	at org.python.core.__builtin__.execfile(__builtin__.java)
	at edu.cmu.cs.stage3.alice.authoringtool.AuthoringToolResources.loadResourcesPy(AuthoringToolResources.java:199)
	at edu.cmu.cs.stage3.alice.authoringtool.AuthoringToolResources.<clinit>(AuthoringToolResources.java:108)
	... 9 more
